a1A20230705_41_HappyTeenPatti-2036/build/android/proj/libservice/build/outputs/logs/manifest-merger-release-report.txt
-- Merging decision tree log ---
manifest
ADDED from proj\libservice\AndroidManifest.xml:1:1-3:12
INJECTED from proj\libservice\AndroidManifest.xml:1:1-3:12
INJECTED from proj\libservice\AndroidManifest.xml:1:1-3:12
INJECTED from proj\libservice\AndroidManifest.xml:1:1-3:12
INJECTED from proj\libservice\AndroidManifest.xml:1:1-3:12
INJECTED from proj\libservice\AndroidManifest.xml:1:1-3:12
INJECTED from proj\libservice\AndroidManifest.xml:1:1-3:12
	package
		ADDED from proj\libservice\AndroidManifest.xml:1:70-97
		INJECTED from proj\libservice\AndroidManifest.xml
		INJECTED from proj\libservice\AndroidManifest.xml
	android:versionName
		INJECTED from proj\libservice\AndroidManifest.xml
		ADDED from proj\libservice\AndroidManifest.xml:1:1-3:12
		INJECTED from proj\libservice\AndroidManifest.xml
	android:versionCode
		INJECTED from proj\libservice\AndroidManifest.xml
		ADDED from proj\libservice\AndroidManifest.xml:1:1-3:12
		INJECTED from proj\libservice\AndroidManifest.xml
	xmlns:android
		ADDED from proj\libservice\AndroidManifest.xml:1:11-69
uses-sdk
INJECTED from proj\libservice\AndroidManifest.xml reason: use-sdk injection requested
INJECTED from proj\libservice\AndroidManifest.xml
INJECTED from proj\libservice\AndroidManifest.xml
INJECTED from proj\libservice\AndroidManifest.xml
INJECTED from proj\libservice\AndroidManifest.xml
	android:targetSdkVersion
		INJECTED from proj\libservice\AndroidManifest.xml
		ADDED from proj\libservice\AndroidManifest.xml
		INJECTED from proj\libservice\AndroidManifest.xml
	android:minSdkVersion
		INJECTED from proj\libservice\AndroidManifest.xml
		ADDED from proj\libservice\AndroidManifest.xml
		INJECTED from proj\libservice\AndroidManifest.xml